<?xml version="1.0" encoding="UTF-8"?>
<!-- Generated by org.testng.reporters.JUnitXMLReporter -->
<testsuite ignored="0" hostname="DESKTOP-UJ2963A" failures="1" tests="5" name="ChromeTest" time="57.539" errors="0" timestamp="2023-05-28T13:36:56 GMT-07:00">
  <testcase classname="com.base.AutomationBase" name="@BeforeMethod preLaunch" time="2.249">
    <failure type="org.openqa.selenium.SessionNotCreatedException" message="Could not start a new session. Response code 500. Message: session not created
from no such execution context: loader has changed while resolving nodes
  (Session info: chrome=113.0.5672.127) 
Host info: host: &amp;apos;DESKTOP-UJ2963A&amp;apos;, ip: &amp;apos;192.168.145.46&amp;apos;
Build info: version: &amp;apos;4.9.0&amp;apos;, revision: &amp;apos;d7057100a6&amp;apos;
System info: os.name: &amp;apos;Windows 11&amp;apos;, os.arch: &amp;apos;amd64&amp;apos;, os.version: &amp;apos;10.0&amp;apos;, java.version: &amp;apos;11.0.18&amp;apos;
Driver info: org.openqa.selenium.chrome.ChromeDriver
Command: [null, newSession {capabilities=[Capabilities {browserName: chrome, goog:chromeOptions: {args: [--remote-allow-origins=*], extensions: []}}]}]">
      <![CDATA[org.openqa.selenium.SessionNotCreatedException: Could not start a new session. Response code 500. Message: session not created
from no such execution context: loader has changed while resolving nodes
  (Session info: chrome=113.0.5672.127) 
Host info: host: 'DESKTOP-UJ2963A', ip: '192.168.145.46'
Build info: version: '4.9.0', revision: 'd7057100a6'
System info: os.name: 'Windows 11', os.arch: 'amd64', os.version: '10.0', java.version: '11.0.18'
Driver info: org.openqa.selenium.chrome.ChromeDriver
Command: [null, newSession {capabilities=[Capabilities {browserName: chrome, goog:chromeOptions: {args: [--remote-allow-origins=*], extensions: []}}]}]
at org.openqa.selenium.remote.ProtocolHandshake.createSession(ProtocolHandshake.java:136)
at org.openqa.selenium.remote.ProtocolHandshake.createSession(ProtocolHandshake.java:94)
at org.openqa.selenium.remote.ProtocolHandshake.createSession(ProtocolHandshake.java:68)
at org.openqa.selenium.remote.HttpCommandExecutor.execute(HttpCommandExecutor.java:165)
at org.openqa.selenium.remote.service.DriverCommandExecutor.invokeExecute(DriverCommandExecutor.java:183)
at org.openqa.selenium.remote.service.DriverCommandExecutor.execute(DriverCommandExecutor.java:158)
at org.openqa.selenium.remote.RemoteWebDriver.execute(RemoteWebDriver.java:543)
at org.openqa.selenium.remote.RemoteWebDriver.startSession(RemoteWebDriver.java:229)
at org.openqa.selenium.remote.RemoteWebDriver.<init>(RemoteWebDriver.java:157)
at org.openqa.selenium.chromium.ChromiumDriver.<init>(ChromiumDriver.java:101)
at org.openqa.selenium.chrome.ChromeDriver.<init>(ChromeDriver.java:88)
at org.openqa.selenium.chrome.ChromeDriver.<init>(ChromeDriver.java:84)
at org.openqa.selenium.chrome.ChromeDriver.<init>(ChromeDriver.java:52)
at com.base.AutomationBase.launchChromeBrowser(AutomationBase.java:71)
at com.base.AutomationBase.launchBrowser(AutomationBase.java:51)
at com.base.AutomationBase.preLaunch(AutomationBase.java:33)
at java.base/java.util.ArrayList.forEach(ArrayList.java:1541)
... Removed 31 stack frames]]>
    </failure>
  </testcase> <!-- @BeforeMethod preLaunch -->
  <testcase classname="com.base.AutomationBase" name="@BeforeMethod preLaunch" time="0.0">
    <skipped/>
  </testcase> <!-- @BeforeMethod preLaunch -->
  <testcase classname="com.base.AutomationBase" name="@BeforeMethod preLaunch" time="0.0">
    <skipped/>
  </testcase> <!-- @BeforeMethod preLaunch -->
  <testcase classname="com.test.ProductPageTest" name="validateTheElementInAddProductPopup" time="28.014"/>
  <testcase classname="com.test.ProductPageTest" name="validatenTheValueInAddProductPopUpfields" time="14.197">
    <failure type="java.lang.AssertionError" message="The following asserts failed:
	failure message: product tax not found expected [abc] but found [21],
	failure message: product price not found expected [abc] but found [233.000 x8fmv]">
      <![CDATA[java.lang.AssertionError: The following asserts failed:
failure message: product tax not found expected [abc] but found [21],
failure message: product price not found expected [abc] but found [233.000 x8fmv]
at com.test.ProductPageTest.validatenTheValueInAddProductPopUpfields(ProductPageTest.java:99)
at java.base/java.util.ArrayList.forEach(ArrayList.java:1541)
... Removed 29 stack frames]]>
    </failure>
  </testcase> <!-- validatenTheValueInAddProductPopUpfields -->
  <testcase classname="com.test.ProductPageTest" name="validateValueEntredInAddProductPopUpFieldIsSaved" time="0.0">
    <skipped/>
  </testcase> <!-- validateValueEntredInAddProductPopUpFieldIsSaved -->
  <testcase classname="com.test.ProductPageTest" name="validateEditFunctionOfExistingRecord" time="0.0">
    <skipped/>
  </testcase> <!-- validateEditFunctionOfExistingRecord -->
  <testcase classname="com.test.ProductPageTest" name="validateDeleteFunctiongOfExistingRecord" time="0.0">
    <skipped/>
  </testcase> <!-- validateDeleteFunctiongOfExistingRecord -->
</testsuite> <!-- ChromeTest -->
