<?xml version="1.0" encoding="UTF-8"?>
<!-- Generated by org.testng.reporters.JUnitXMLReporter -->
<testsuite hostname="LAPTOP-SJQUN0GA" ignored="0" name="Test" tests="5" failures="4" timestamp="31 Mar 2023 08:56:22 GMT" time="138.926" errors="0">
  <testcase name="validateTheElementInAddStorePopup" time="3.159" classname="com.test.StoresPageTest">
    <failure type="java.lang.AssertionError" message="The following asserts failed:
	Failure message::Stores Country  is not displayed expected [true] but found [false]">
      <![CDATA[java.lang.AssertionError: The following asserts failed:
	Failure message::Stores Country  is not displayed expected [true] but found [false]
	at com.test.StoresPageTest.validateTheElementInAddStorePopup(StoresPageTest.java:56)
... Removed 26 stack frames]]>
    </failure>
  </testcase> <!-- validateTheElementInAddStorePopup -->
  <testcase name="validatenAddStoresPopUpfields" time="4.255" classname="com.test.StoresPageTest">
    <failure type="java.lang.AssertionError" message="The following asserts failed:
	failure message: store name not found expected [Alfy] but found [AKJStores],
	failure message: store email is not informat expected [abc@gmail.com] but found [shibis@gmail.com],
	failure message: store phone should be of 10digit  expected [1234567894] but found [9876542314]">
      <![CDATA[java.lang.AssertionError: The following asserts failed:
	failure message: store name not found expected [Alfy] but found [AKJStores],
	failure message: store email is not informat expected [abc@gmail.com] but found [shibis@gmail.com],
	failure message: store phone should be of 10digit  expected [1234567894] but found [9876542314]
	at com.test.StoresPageTest.validatenAddStoresPopUpfields(StoresPageTest.java:123)
... Removed 26 stack frames]]>
    </failure>
  </testcase> <!-- validatenAddStoresPopUpfields -->
  <testcase name="validateEnteredValueInAddStoresPopUpIsSaved" time="4.961" classname="com.test.StoresPageTest">
    <failure type="java.lang.AssertionError" message="The following asserts failed:
	failure message: store country not found expected [India] but found []">
      <![CDATA[java.lang.AssertionError: The following asserts failed:
	failure message: store country not found expected [India] but found []
	at com.test.StoresPageTest.validateEnteredValueInAddStoresPopUpIsSaved(StoresPageTest.java:78)
... Removed 26 stack frames]]>
    </failure>
  </testcase> <!-- validateEnteredValueInAddStoresPopUpIsSaved -->
  <testcase name="modifyTheExistingRecordOfStores" time="5.339" classname="com.test.StoresPageTest">
    <failure type="java.lang.AssertionError" message="The following asserts failed:
	failure message :: store city is modified expected [lanka] but found [Pune]">
      <![CDATA[java.lang.AssertionError: The following asserts failed:
	failure message :: store city is modified expected [lanka] but found [Pune]
	at com.test.StoresPageTest.modifyTheExistingRecordOfStores(StoresPageTest.java:96)
... Removed 26 stack frames]]>
    </failure>
  </testcase> <!-- modifyTheExistingRecordOfStores -->
  <testcase name="deleteExistingRecord" time="21.111" classname="com.test.StoresPageTest"/>
</testsuite> <!-- Test -->
