<?xml version="1.0" encoding="UTF-8"?>
<!-- Generated by org.testng.reporters.JUnitXMLReporter -->
<testsuite ignored="16" hostname="LAPTOP-SJQUN0GA" failures="1" tests="29" name="Default test" time="0.426" errors="0" timestamp="2023-05-01T14:29:14 IST">
  <testcase classname="com.base.AutomationBase" name="@BeforeTest preRun" time="-1.682931554011E9">
    <failure type="org.testng.TestNGException" message="
Parameter &amp;apos;browserName&amp;apos; is required by BeforeTest on method preRun but has not been marked @Optional or defined
in C:\Users\hp\AppData\Local\Temp\testng-eclipse-886291209\testng-customsuite.xml">
      <![CDATA[org.testng.TestNGException: 
Parameter 'browserName' is required by BeforeTest on method preRun but has not been marked @Optional or defined
in C:\Users\hp\AppData\Local\Temp\testng-eclipse-886291209\testng-customsuite.xml
at org.testng.internal.Parameters.createParams(Parameters.java:267)
at org.testng.internal.Parameters.createParametersForMethod(Parameters.java:355)
at org.testng.internal.Parameters.createParameters(Parameters.java:684)
at org.testng.internal.Parameters.createConfigurationParameters(Parameters.java:166)
at org.testng.internal.invokers.ConfigInvoker.invokeConfigurations(ConfigInvoker.java:277)
at org.testng.TestRunner.invokeTestConfigurations(TestRunner.java:644)
at org.testng.TestRunner.beforeRun(TestRunner.java:633)
at org.testng.TestRunner.run(TestRunner.java:595)
at org.testng.SuiteRunner.runTest(SuiteRunner.java:437)
at org.testng.SuiteRunner.runSequentially(SuiteRunner.java:431)
at org.testng.SuiteRunner.privateRun(SuiteRunner.java:391)
at org.testng.SuiteRunner.run(SuiteRunner.java:330)
at org.testng.SuiteRunnerWorker.runSuite(SuiteRunnerWorker.java:52)
at org.testng.SuiteRunnerWorker.run(SuiteRunnerWorker.java:95)
at org.testng.TestNG.runSuitesSequentially(TestNG.java:1256)
at org.testng.TestNG.runSuitesLocally(TestNG.java:1176)
at org.testng.TestNG.runSuites(TestNG.java:1099)
at org.testng.TestNG.run(TestNG.java:1067)
at org.testng.remote.AbstractRemoteTestNG.run(AbstractRemoteTestNG.java:115)
at org.testng.remote.RemoteTestNG.initAndRun(RemoteTestNG.java:251)
at org.testng.remote.RemoteTestNG.main(RemoteTestNG.java:77)
]]>
    </failure>
  </testcase> <!-- @BeforeTest preRun -->
  <testcase classname="com.test.StoresPageTest" name="@BeforeMethod prerun" time="0.0">
    <skipped/>
  </testcase> <!-- @BeforeMethod prerun -->
  <testcase classname="com.test.StoresPageTest" name="@BeforeMethod prerun" time="0.0">
    <skipped/>
  </testcase> <!-- @BeforeMethod prerun -->
  <testcase classname="com.test.StoresPageTest" name="@BeforeMethod prerun" time="0.0">
    <skipped/>
  </testcase> <!-- @BeforeMethod prerun -->
  <testcase classname="com.test.StoresPageTest" name="@BeforeMethod prerun" time="0.0">
    <skipped/>
  </testcase> <!-- @BeforeMethod prerun -->
  <testcase classname="com.test.StoresPageTest" name="@BeforeMethod prerun" time="0.0">
    <skipped/>
  </testcase> <!-- @BeforeMethod prerun -->
  <testcase classname="com.test.HomePageTest" name="@BeforeMethod prerun" time="0.0">
    <skipped/>
  </testcase> <!-- @BeforeMethod prerun -->
  <testcase classname="com.test.PeopleCoustomerPageTest" name="@BeforeMethod prerun" time="0.0">
    <skipped/>
  </testcase> <!-- @BeforeMethod prerun -->
  <testcase classname="com.test.PeopleCoustomerPageTest" name="@BeforeMethod prerun" time="0.0">
    <skipped/>
  </testcase> <!-- @BeforeMethod prerun -->
  <testcase classname="com.test.PeopleCoustomerPageTest" name="@BeforeMethod prerun" time="0.0">
    <skipped/>
  </testcase> <!-- @BeforeMethod prerun -->
  <testcase classname="com.test.PeopleCoustomerPageTest" name="@BeforeMethod prerun" time="0.0">
    <skipped/>
  </testcase> <!-- @BeforeMethod prerun -->
  <testcase classname="com.test.PeopleCoustomerPageTest" name="@BeforeMethod prerun" time="0.0">
    <skipped/>
  </testcase> <!-- @BeforeMethod prerun -->
  <testcase classname="com.test.ExpensePageTest" name="@BeforeMethod prerun" time="0.0">
    <skipped/>
  </testcase> <!-- @BeforeMethod prerun -->
  <testcase classname="com.test.ExpensePageTest" name="@BeforeMethod prerun" time="0.0">
    <skipped/>
  </testcase> <!-- @BeforeMethod prerun -->
  <testcase classname="com.test.ExpensePageTest" name="@BeforeMethod prerun" time="0.0">
    <skipped/>
  </testcase> <!-- @BeforeMethod prerun -->
  <testcase classname="com.test.ExpensePageTest" name="@BeforeMethod prerun" time="0.0">
    <skipped/>
  </testcase> <!-- @BeforeMethod prerun -->
  <testcase classname="com.test.PeopleSupplierPageTest" name="@BeforeMethod prerun" time="0.0">
    <skipped/>
  </testcase> <!-- @BeforeMethod prerun -->
  <testcase classname="com.test.PeopleSupplierPageTest" name="@BeforeMethod prerun" time="0.0">
    <skipped/>
  </testcase> <!-- @BeforeMethod prerun -->
  <testcase classname="com.test.PeopleSupplierPageTest" name="@BeforeMethod prerun" time="0.0">
    <skipped/>
  </testcase> <!-- @BeforeMethod prerun -->
  <testcase classname="com.test.PeopleSupplierPageTest" name="@BeforeMethod prerun" time="0.0">
    <skipped/>
  </testcase> <!-- @BeforeMethod prerun -->
  <testcase classname="com.test.PeopleSupplierPageTest" name="@BeforeMethod prerun" time="0.0">
    <skipped/>
  </testcase> <!-- @BeforeMethod prerun -->
  <testcase classname="com.test.ProductPageTest" name="@BeforeMethod prerun" time="0.0">
    <skipped/>
  </testcase> <!-- @BeforeMethod prerun -->
  <testcase classname="com.test.ProductPageTest" name="@BeforeMethod prerun" time="0.0">
    <skipped/>
  </testcase> <!-- @BeforeMethod prerun -->
  <testcase classname="com.test.PeopleWaiterPageTest" name="@BeforeMethod prerun" time="0.0">
    <skipped/>
  </testcase> <!-- @BeforeMethod prerun -->
  <testcase classname="com.test.PeopleWaiterPageTest" name="@BeforeMethod prerun" time="0.0">
    <skipped/>
  </testcase> <!-- @BeforeMethod prerun -->
  <testcase classname="com.test.PeopleWaiterPageTest" name="@BeforeMethod prerun" time="0.0">
    <skipped/>
  </testcase> <!-- @BeforeMethod prerun -->
  <testcase classname="com.test.PeopleWaiterPageTest" name="@BeforeMethod prerun" time="0.0">
    <skipped/>
  </testcase> <!-- @BeforeMethod prerun -->
  <testcase classname="com.test.PeopleWaiterPageTest" name="@BeforeMethod prerun" time="0.0">
    <skipped/>
  </testcase> <!-- @BeforeMethod prerun -->
  <testcase classname="com.base.AutomationBase" name="@AfterTest quitBrowser" time="0.0">
    <skipped/>
  </testcase> <!-- @AfterTest quitBrowser -->
  <testcase classname="com.test.StoresPageTest" name="validateTheElementInAddStorePopup" time="0.001">
    <skipped/>
  </testcase> <!-- validateTheElementInAddStorePopup -->
  <testcase classname="com.test.StoresPageTest" name="validatenAddStoresPopUpfields" time="0.004">
    <skipped/>
  </testcase> <!-- validatenAddStoresPopUpfields -->
  <testcase classname="com.test.StoresPageTest" name="validateEnteredValueInAddStoresPopUpIsSaved" time="0.0">
    <skipped/>
  </testcase> <!-- validateEnteredValueInAddStoresPopUpIsSaved -->
  <testcase classname="com.test.StoresPageTest" name="modifyTheExistingRecordOfStores" time="0.0">
    <skipped/>
  </testcase> <!-- modifyTheExistingRecordOfStores -->
  <testcase classname="com.test.StoresPageTest" name="deleteExistingRecord" time="0.0">
    <skipped/>
  </testcase> <!-- deleteExistingRecord -->
  <testcase classname="com.test.LoginPageTest" name="validateLogin" time="0.001">
    <skipped/>
  </testcase> <!-- validateLogin -->
  <testcase classname="com.test.HomePageTest" name="validateMenuLinksDisplayedInHomePage" time="0.0">
    <skipped/>
  </testcase> <!-- validateMenuLinksDisplayedInHomePage -->
  <testcase classname="com.test.PeopleCoustomerPageTest" name="validateTheElementInAddCustomerPopup" time="0.0">
    <skipped/>
  </testcase> <!-- validateTheElementInAddCustomerPopup -->
  <testcase classname="com.test.PeopleCoustomerPageTest" name="validateAddCustomerPopUpfields" time="0.0">
    <skipped/>
  </testcase> <!-- validateAddCustomerPopUpfields -->
  <testcase classname="com.test.PeopleCoustomerPageTest" name="validateValueEntredInAddWaiterPopUpIsSaved" time="0.001">
    <skipped/>
  </testcase> <!-- validateValueEntredInAddWaiterPopUpIsSaved -->
  <testcase classname="com.test.PeopleCoustomerPageTest" name="modifyTheExistingRecordOfStores" time="0.0">
    <skipped/>
  </testcase> <!-- modifyTheExistingRecordOfStores -->
  <testcase classname="com.test.PeopleCoustomerPageTest" name="validateDeleteFunctiongOfExistingRecord" time="0.0">
    <skipped/>
  </testcase> <!-- validateDeleteFunctiongOfExistingRecord -->
  <testcase classname="com.test.ExpensePageTest" name="validateTheElementInAddExpensePopup" time="0.0">
    <skipped/>
  </testcase> <!-- validateTheElementInAddExpensePopup -->
  <testcase classname="com.test.ExpensePageTest" name="validatenAddExpensePopUpfields" time="0.001">
    <skipped/>
  </testcase> <!-- validatenAddExpensePopUpfields -->
  <testcase classname="com.test.ExpensePageTest" name="validateEnteredValueInAddExpensePopUpIsSaved" time="0.0">
    <failure type="org.testng.TestNGException" message="
Cannot inject @Test annotated Method [validateEnteredValueInAddExpensePopUpIsSaved] with [class java.lang.String, class java.lang.String, class java.lang.String, class java.lang.String, class java.lang.String].
For more information on native dependency injection please refer to https://testng.org/doc/documentation-main.html#native-dependency-injection">
      <![CDATA[org.testng.TestNGException: 
Cannot inject @Test annotated Method [validateEnteredValueInAddExpensePopUpIsSaved] with [class java.lang.String, class java.lang.String, class java.lang.String, class java.lang.String, class java.lang.String].
For more information on native dependency injection please refer to https://testng.org/doc/documentation-main.html#native-dependency-injection
at org.testng.internal.Parameters.checkParameterTypes(Parameters.java:436)
at org.testng.internal.Parameters.createParametersForMethod(Parameters.java:350)
at org.testng.internal.Parameters.createParameters(Parameters.java:693)
at org.testng.internal.Parameters.handleParameters(Parameters.java:879)
at org.testng.internal.Parameters.handleParameters(Parameters.java:728)
at org.testng.internal.invokers.ParameterHandler.handleParameters(ParameterHandler.java:72)
at org.testng.internal.invokers.ParameterHandler.createParameters(ParameterHandler.java:51)
at org.testng.internal.invokers.TestInvoker$MethodInvocationAgent.invoke(TestInvoker.java:924)
at org.testng.internal.invokers.TestInvoker.invokeTestMethods(TestInvoker.java:194)
at org.testng.internal.invokers.TestMethodWorker.invokeTestMethods(TestMethodWorker.java:148)
at org.testng.internal.invokers.TestMethodWorker.run(TestMethodWorker.java:128)
at java.base/java.util.ArrayList.forEach(ArrayList.java:1511)
at org.testng.TestRunner.privateRun(TestRunner.java:829)
at org.testng.TestRunner.run(TestRunner.java:602)
at org.testng.SuiteRunner.runTest(SuiteRunner.java:437)
at org.testng.SuiteRunner.runSequentially(SuiteRunner.java:431)
at org.testng.SuiteRunner.privateRun(SuiteRunner.java:391)
at org.testng.SuiteRunner.run(SuiteRunner.java:330)
at org.testng.SuiteRunnerWorker.runSuite(SuiteRunnerWorker.java:52)
at org.testng.SuiteRunnerWorker.run(SuiteRunnerWorker.java:95)
at org.testng.TestNG.runSuitesSequentially(TestNG.java:1256)
at org.testng.TestNG.runSuitesLocally(TestNG.java:1176)
at org.testng.TestNG.runSuites(TestNG.java:1099)
at org.testng.TestNG.run(TestNG.java:1067)
at org.testng.remote.AbstractRemoteTestNG.run(AbstractRemoteTestNG.java:115)
at org.testng.remote.RemoteTestNG.initAndRun(RemoteTestNG.java:251)
at org.testng.remote.RemoteTestNG.main(RemoteTestNG.java:77)
]]>
    </failure>
  </testcase> <!-- validateEnteredValueInAddExpensePopUpIsSaved -->
  <testcase classname="com.test.ExpensePageTest" name="modifyTheExistingRecordOfExpense" time="0.0">
    <skipped/>
  </testcase> <!-- modifyTheExistingRecordOfExpense -->
  <testcase classname="com.test.ExpensePageTest" name="validateDeleteFunctiongOfExistingRecord" time="0.0">
    <skipped/>
  </testcase> <!-- validateDeleteFunctiongOfExistingRecord -->
  <testcase classname="com.test.PeopleSupplierPageTest" name="validateTheElementInAddSupplierPopup" time="0.0">
    <skipped/>
  </testcase> <!-- validateTheElementInAddSupplierPopup -->
  <testcase classname="com.test.PeopleSupplierPageTest" name="validateAddSupplierPopUpfields" time="0.0">
    <skipped/>
  </testcase> <!-- validateAddSupplierPopUpfields -->
  <testcase classname="com.test.PeopleSupplierPageTest" name="validateValueEntredInAddSupplierPopUpIsSaved" time="0.002">
    <skipped/>
  </testcase> <!-- validateValueEntredInAddSupplierPopUpIsSaved -->
  <testcase classname="com.test.PeopleSupplierPageTest" name="modifyTheExistingRecordOfSupplier" time="0.0">
    <skipped/>
  </testcase> <!-- modifyTheExistingRecordOfSupplier -->
  <testcase classname="com.test.PeopleSupplierPageTest" name="validateDeleteFunctiongOfExistingRecord" time="0.0">
    <skipped/>
  </testcase> <!-- validateDeleteFunctiongOfExistingRecord -->
  <testcase classname="com.test.ProductPageTest" name="validateTheElementInAddProductPopup" time="0.0">
    <skipped/>
  </testcase> <!-- validateTheElementInAddProductPopup -->
  <testcase classname="com.test.ProductPageTest" name="validatenAddStoresPopUpfields" time="0.0">
    <skipped/>
  </testcase> <!-- validatenAddStoresPopUpfields -->
  <testcase classname="com.test.PeopleWaiterPageTest" name="validateTheElementInAddWaiterPopup" time="0.004">
    <skipped/>
  </testcase> <!-- validateTheElementInAddWaiterPopup -->
  <testcase classname="com.test.PeopleWaiterPageTest" name="validatenAddWaiterPopUpfields" time="0.0">
    <skipped/>
  </testcase> <!-- validatenAddWaiterPopUpfields -->
  <testcase classname="com.test.PeopleWaiterPageTest" name="validateValueEntredInAddWaiterPopUpIsSaved" time="0.0">
    <skipped/>
  </testcase> <!-- validateValueEntredInAddWaiterPopUpIsSaved -->
  <testcase classname="com.test.PeopleWaiterPageTest" name="validateEditFunctionOfExistingRecord" time="0.0">
    <skipped/>
  </testcase> <!-- validateEditFunctionOfExistingRecord -->
  <testcase classname="com.test.PeopleWaiterPageTest" name="validateDeleteFunctiongOfExistingRecord" time="0.0">
    <skipped/>
  </testcase> <!-- validateDeleteFunctiongOfExistingRecord -->
  <testcase classname="com.base.AutomationBase" name="@AfterTest quitBrowser" time="0.0">
    <ignored/>
  </testcase> <!-- @AfterTest quitBrowser -->
  <testcase classname="com.base.AutomationBase" name="@BeforeTest preRun" time="0.0">
    <ignored/>
  </testcase> <!-- @BeforeTest preRun -->
  <testcase classname="com.base.AutomationBase" name="@BeforeTest preRun" time="0.0">
    <ignored/>
  </testcase> <!-- @BeforeTest preRun -->
  <testcase classname="com.base.AutomationBase" name="@AfterTest quitBrowser" time="0.0">
    <ignored/>
  </testcase> <!-- @AfterTest quitBrowser -->
  <testcase classname="com.base.AutomationBase" name="@AfterTest quitBrowser" time="0.0">
    <ignored/>
  </testcase> <!-- @AfterTest quitBrowser -->
  <testcase classname="com.base.AutomationBase" name="@AfterTest quitBrowser" time="0.0">
    <ignored/>
  </testcase> <!-- @AfterTest quitBrowser -->
  <testcase classname="com.base.AutomationBase" name="@BeforeTest preRun" time="0.0">
    <ignored/>
  </testcase> <!-- @BeforeTest preRun -->
  <testcase classname="com.base.AutomationBase" name="@BeforeTest preRun" time="0.0">
    <ignored/>
  </testcase> <!-- @BeforeTest preRun -->
  <testcase classname="com.base.AutomationBase" name="@AfterTest quitBrowser" time="0.0">
    <ignored/>
  </testcase> <!-- @AfterTest quitBrowser -->
  <testcase classname="com.base.AutomationBase" name="@BeforeTest preRun" time="0.0">
    <ignored/>
  </testcase> <!-- @BeforeTest preRun -->
  <testcase classname="com.base.AutomationBase" name="@AfterTest quitBrowser" time="0.0">
    <ignored/>
  </testcase> <!-- @AfterTest quitBrowser -->
  <testcase classname="com.base.AutomationBase" name="@BeforeTest preRun" time="0.0">
    <ignored/>
  </testcase> <!-- @BeforeTest preRun -->
  <testcase classname="com.base.AutomationBase" name="@BeforeTest preRun" time="0.0">
    <ignored/>
  </testcase> <!-- @BeforeTest preRun -->
  <testcase classname="com.base.AutomationBase" name="@AfterTest quitBrowser" time="0.0">
    <ignored/>
  </testcase> <!-- @AfterTest quitBrowser -->
  <testcase classname="com.base.AutomationBase" name="@BeforeTest preRun" time="0.0">
    <ignored/>
  </testcase> <!-- @BeforeTest preRun -->
  <testcase classname="com.base.AutomationBase" name="@AfterTest quitBrowser" time="0.0">
    <ignored/>
  </testcase> <!-- @AfterTest quitBrowser -->
</testsuite> <!-- Default test -->
